\BOOKMARK [0][-]{chapter.1}{\376\377\000G\000e\000t\000t\000i\000n\000g\000\040\000S\000t\000a\000r\000t\000e\000d}{}% 1
\BOOKMARK [1][-]{section.1.1}{\376\377\000P\000r\000e\000r\000e\000q\000u\000i\000s\000i\000t\000e\000s}{chapter.1}% 2
\BOOKMARK [1][-]{section.1.2}{\376\377\000D\000o\000w\000n\000l\000o\000a\000d}{chapter.1}% 3
\BOOKMARK [1][-]{section.1.3}{\376\377\000U\000s\000a\000g\000e}{chapter.1}% 4
\BOOKMARK [0][-]{chapter.2}{\376\377\000W\000h\000y\000\040\000b\000a\000y\000e\000s\000i\000m\000?}{}% 5
\BOOKMARK [1][-]{section.2.1}{\376\377\000P\000r\000o\000b\000a\000b\000i\000l\000i\000t\000y\000\040\000d\000i\000s\000t\000r\000i\000b\000u\000t\000i\000o\000n\000s\000\040\000a\000r\000e\000\040\000n\000i\000c\000e}{chapter.2}% 6
\BOOKMARK [1][-]{section.2.2}{\376\377\000S\000i\000m\000u\000l\000a\000t\000i\000o\000n\000s\000\040\000a\000r\000e\000\040\000e\000x\000p\000e\000n\000s\000i\000v\000e}{chapter.2}% 7
\BOOKMARK [0][-]{chapter.3}{\376\377\000T\000e\000c\000h\000n\000i\000c\000a\000l\000\040\000B\000a\000c\000k\000g\000r\000o\000u\000n\000d}{}% 8
\BOOKMARK [1][-]{section.3.1}{\376\377\000B\000a\000y\000e\000s\040\031\000\040\000T\000h\000e\000o\000r\000e\000m}{chapter.3}% 9
\BOOKMARK [1][-]{section.3.2}{\376\377\000B\000a\000y\000e\000s\000i\000a\000n\000\040\000I\000n\000f\000e\000r\000e\000n\000c\000e\000\040\000a\000n\000d\000\040\000P\000a\000r\000a\000m\000e\000t\000e\000r\000\040\000E\000s\000t\000i\000m\000a\000t\000i\000o\000n}{chapter.3}% 10
\BOOKMARK [1][-]{section.3.3}{\376\377\000A\000n\000\040\000i\000l\000l\000u\000s\000t\000r\000a\000t\000i\000v\000e\000\040\000e\000x\000a\000m\000p\000l\000e\000:\000\040\000K\000i\000n\000e\000m\000a\000t\000i\000c\000s}{chapter.3}% 11
\BOOKMARK [0][-]{chapter.4}{\376\377\000M\000a\000n\000u\000a\000l}{}% 12
\BOOKMARK [1][-]{section.4.1}{\376\377\000O\000v\000e\000r\000v\000i\000e\000w}{chapter.4}% 13
\BOOKMARK [1][-]{section.4.2}{\376\377\000A\000t\000t\000a\000c\000h\000i\000n\000g\000\040\000O\000b\000s\000e\000r\000v\000a\000t\000i\000o\000n\000s}{chapter.4}% 14
\BOOKMARK [1][-]{section.4.3}{\376\377\000D\000e\000f\000i\000n\000i\000n\000g\000\040\000P\000a\000r\000a\000m\000e\000t\000e\000r\000s}{chapter.4}% 15
\BOOKMARK [1][-]{section.4.4}{\376\377\000A\000t\000t\000a\000c\000h\000i\000n\000g\000\040\000M\000o\000d\000e\000l\000e\000d\000\040\000D\000a\000t\000a}{chapter.4}% 16
\BOOKMARK [1][-]{section.4.5}{\376\377\000P\000e\000r\000f\000o\000r\000m\000i\000n\000g\000\040\000t\000h\000e\000\040\000I\000n\000f\000e\000r\000e\000n\000c\000e}{chapter.4}% 17
\BOOKMARK [1][-]{section.4.6}{\376\377\000V\000i\000s\000u\000a\000l\000i\000z\000i\000n\000g\000\040\000t\000h\000e\000\040\000O\000u\000t\000p\000u\000t}{chapter.4}% 18
\BOOKMARK [1][-]{section.4.7}{\376\377\000S\000u\000b\000d\000i\000v\000i\000d\000i\000n\000g\000\040\000t\000h\000e\000\040\000G\000r\000i\000d}{chapter.4}% 19
\BOOKMARK [1][-]{section.4.8}{\376\377\000M\000i\000s\000c\000e\000l\000l\000a\000n\000e\000o\000u\000s}{chapter.4}% 20
\BOOKMARK [0][-]{chapter.5}{\376\377\000E\000x\000a\000m\000p\000l\000e\000s}{}% 21
\BOOKMARK [1][-]{section.5.1}{\376\377\000I\000d\000e\000a\000l\000\040\000d\000i\000o\000d\000e\000\040\000s\000o\000l\000a\000r\000\040\000c\000e\000l\000l}{chapter.5}% 22
\BOOKMARK [1][-]{section.5.2}{\376\377\000K\000i\000n\000e\000m\000a\000t\000i\000c\000s}{chapter.5}% 23
\BOOKMARK [1][-]{section.5.3}{\376\377\000T\000i\000n\000\040\000S\000u\000l\000f\000i\000d\000e\000\040\000\050\000S\000n\000S\000\051\000\040\000s\000o\000l\000a\000r\000\040\000c\000e\000l\000l}{chapter.5}% 24
\BOOKMARK [0][-]{chapter.6}{\376\377\000F\000u\000t\000u\000r\000e\000\040\000F\000e\000a\000t\000u\000r\000e\000s}{}% 25
\BOOKMARK [1][-]{section.6.1}{\376\377\000V\000i\000s\000u\000a\000l\000i\000z\000a\000t\000i\000o\000n}{chapter.6}% 26
\BOOKMARK [1][-]{section.6.2}{\376\377\000O\000t\000h\000e\000r\000\040\000N\000e\000w\000\040\000C\000a\000p\000a\000b\000i\000l\000i\000t\000i\000e\000s}{chapter.6}% 27
\BOOKMARK [1][-]{section.6.3}{\376\377\000E\000f\000f\000i\000c\000i\000e\000n\000c\000y\000/\000S\000p\000e\000e\000d\000u\000p}{chapter.6}% 28
\BOOKMARK [1][-]{section.6.4}{\376\377\000I\000n\000t\000e\000r\000f\000a\000c\000e\000s}{chapter.6}% 29
\BOOKMARK [0][-]{chapter.7}{\376\377\000C\000i\000t\000i\000n\000g\000\040\000b\000a\000y\000e\000s\000i\000m}{}% 30
